2023-04-02 21:05:17.006523 - Initialized conversion of CBT028
2023-04-02 21:05:17.270250 - Received CBT.V504.FILE028.PDS from FILE028.XMI 
2023-04-02 21:05:17.273059 - Found $$$#DATE.txt (text/plain) in CBT.V504.FILE028.PDS, moved to PDS/$$$#DATE
2023-04-02 21:05:17.274244 - Found $$$DOC.txt (text/plain) in CBT.V504.FILE028.PDS, moved to PDS/$$$DOC
2023-04-02 21:05:17.275254 - Found $$$DOC1.txt (text/plain) in CBT.V504.FILE028.PDS, moved to PDS/$$$DOC1
2023-04-02 21:05:17.276394 - Found $$$DOC2.txt (text/plain) in CBT.V504.FILE028.PDS, moved to PDS/$$$DOC2
2023-04-02 21:05:17.277323 - Found $$$DOC3.txt (text/plain) in CBT.V504.FILE028.PDS, moved to PDS/$$$DOC3
2023-04-02 21:05:17.278246 - Found $$$DOC4.txt (text/plain) in CBT.V504.FILE028.PDS, moved to PDS/$$$DOC4
2023-04-02 21:05:17.279162 - Found @FILE028.txt (text/plain) in CBT.V504.FILE028.PDS, moved to PDS/@FILE028
2023-04-02 21:05:17.280090 - Found GENGENR.txt (text/plain) in CBT.V504.FILE028.PDS, moved to PDS/GENGENR
2023-04-02 21:05:17.281036 - Found GENINITT.txt (text/plain) in CBT.V504.FILE028.PDS, moved to PDS/GENINITT
2023-04-02 21:05:17.281974 - Found GENJOBCD.txt (text/plain) in CBT.V504.FILE028.PDS, moved to PDS/GENJOBCD
2023-04-02 21:05:17.282879 - Found GENPOPS.txt (text/plain) in CBT.V504.FILE028.PDS, moved to PDS/GENPOPS
2023-04-02 21:05:17.283826 - Found GENPOPSF.txt (text/plain) in CBT.V504.FILE028.PDS, moved to PDS/GENPOPSF
2023-04-02 21:05:17.284754 - Found GENPOPSI.txt (text/plain) in CBT.V504.FILE028.PDS, moved to PDS/GENPOPSI
2023-04-02 21:05:17.285701 - Found GENSYSDA.txt (text/plain) in CBT.V504.FILE028.PDS, moved to PDS/GENSYSDA
2023-04-02 21:05:17.286731 - Found GENTC.txt (text/plain) in CBT.V504.FILE028.PDS, moved to PDS/GENTC
2023-04-02 21:05:17.287648 - Found GENUNLD.txt (text/plain) in CBT.V504.FILE028.PDS, moved to PDS/GENUNLD
2023-04-02 21:05:17.288588 - Found GENUNLDI.txt (text/plain) in CBT.V504.FILE028.PDS, moved to PDS/GENUNLDI
2023-04-02 21:05:17.289791 - Found GENUNLDM.txt (text/plain) in CBT.V504.FILE028.PDS, moved to PDS/GENUNLDM
2023-04-02 21:05:17.290760 - Found GENUNLDS.txt (text/plain) in CBT.V504.FILE028.PDS, moved to PDS/GENUNLDS
2023-04-02 21:05:17.291689 - Found GENUNLDX.txt (text/plain) in CBT.V504.FILE028.PDS, moved to PDS/GENUNLDX
2023-04-02 21:05:17.292613 - Found GENVOL.txt (text/plain) in CBT.V504.FILE028.PDS, moved to PDS/GENVOL
2023-04-02 21:05:17.293525 - Found GENVOLF.txt (text/plain) in CBT.V504.FILE028.PDS, moved to PDS/GENVOLF
2023-04-02 21:05:17.294429 - Found GENVOLI.txt (text/plain) in CBT.V504.FILE028.PDS, moved to PDS/GENVOLI
2023-04-02 21:05:17.295347 - Found GENVOLIF.txt (text/plain) in CBT.V504.FILE028.PDS, moved to PDS/GENVOLIF
2023-04-02 21:05:17.296240 - Found GNJES3J.txt (text/plain) in CBT.V504.FILE028.PDS, moved to PDS/GNJES3J
2023-04-02 21:05:17.297105 - Found GNJES3P.txt (text/plain) in CBT.V504.FILE028.PDS, moved to PDS/GNJES3P
2023-04-02 21:05:17.298005 - Found GNJES3S.txt (text/plain) in CBT.V504.FILE028.PDS, moved to PDS/GNJES3S
2023-04-02 21:05:17.298895 - Found GNJES3V.txt (text/plain) in CBT.V504.FILE028.PDS, moved to PDS/GNJES3V
2023-04-02 21:05:17.299798 - Found OUTLIST.txt (text/plain) in CBT.V504.FILE028.PDS, moved to PDS/OUTLIST
2023-04-02 21:05:17.300753 - Found SAMPINPT.txt (text/plain) in CBT.V504.FILE028.PDS, moved to PDS/SAMPINPT
2023-04-02 21:05:17.306628 - Found SEQCPY.xmi (application/xmit) in CBT.V504.FILE028.PDS
2023-04-02 21:05:17.312745   - Received RECFM=U data, stored XMIT file as CBT028/SEQCPY.xmi
2023-04-02 21:05:17.313703 - Found SEQCPY@.jcl (text/plain) in CBT.V504.FILE028.PDS, moved to PDS/SEQCPY@
2023-04-02 21:05:17.314617 - Found TAPEMAP.jcl (text/plain) in CBT.V504.FILE028.PDS, moved to PDS/TAPEMAP
2023-04-02 21:05:17.315596 - Found TAPEMAPS.jcl (text/plain) in CBT.V504.FILE028.PDS, moved to PDS/TAPEMAPS
2023-04-02 21:05:17.316513 - Found TSOBATV1.jcl (text/plain) in CBT.V504.FILE028.PDS, moved to PDS/TSOBATV1
